Performing C SOURCE FILE Test CMAKE_HAVE_LIBC_PTHREAD failed with the following output:
Change Dir: /home/user/m024000/cntlm-gss/build/CMakeFiles/CMakeScratch/TryCompile-pBlGAV

Run Build Command(s):/usr/bin/gmake -f Makefile cmTC_093a5/fast && /usr/bin/gmake  -f CMakeFiles/cmTC_093a5.dir/build.make CMakeFiles/cmTC_093a5.dir/build
gmake[1]: Entering directory `/home/user/m024000/cntlm-gss/build/CMakeFiles/CMakeScratch/TryCompile-pBlGAV'
Building C object CMakeFiles/cmTC_093a5.dir/src.c.o
/usr/bin/cc -DCMAKE_HAVE_LIBC_PTHREAD   -o CMakeFiles/cmTC_093a5.dir/src.c.o -c /home/user/m024000/cntlm-gss/build/CMakeFiles/CMakeScratch/TryCompile-pBlGAV/src.c
Linking C executable cmTC_093a5
/home/group/public/894cf/cellar/cmake/3.25.0-rc3/bin/cmake -E cmake_link_script CMakeFiles/cmTC_093a5.dir/link.txt --verbose=1
/usr/bin/cc CMakeFiles/cmTC_093a5.dir/src.c.o -o cmTC_093a5 
CMakeFiles/cmTC_093a5.dir/src.c.o: In function `main':
src.c:(.text+0x2d): undefined reference to `pthread_create'
src.c:(.text+0x39): undefined reference to `pthread_detach'
src.c:(.text+0x45): undefined reference to `pthread_cancel'
src.c:(.text+0x56): undefined reference to `pthread_join'
src.c:(.text+0x6a): undefined reference to `pthread_atfork'
collect2: error: ld returned 1 exit status
gmake[1]: *** [cmTC_093a5] Error 1
gmake[1]: Leaving directory `/home/user/m024000/cntlm-gss/build/CMakeFiles/CMakeScratch/TryCompile-pBlGAV'
gmake: *** [cmTC_093a5/fast] Error 2


Source file was:
#include <pthread.h>

static void* test_func(void* data)
{
  return data;
}

int main(void)
{
  pthread_t thread;
  pthread_create(&thread, NULL, test_func, NULL);
  pthread_detach(thread);
  pthread_cancel(thread);
  pthread_join(thread, NULL);
  pthread_atfork(NULL, NULL, NULL);
  pthread_exit(NULL);

  return 0;
}


Determining if the function pthread_create exists in the pthreads failed with the following output:
Change Dir: /home/user/m024000/cntlm-gss/build/CMakeFiles/CMakeScratch/TryCompile-RC5pTN

Run Build Command(s):/usr/bin/gmake -f Makefile cmTC_4f470/fast && /usr/bin/gmake  -f CMakeFiles/cmTC_4f470.dir/build.make CMakeFiles/cmTC_4f470.dir/build
gmake[1]: Entering directory `/home/user/m024000/cntlm-gss/build/CMakeFiles/CMakeScratch/TryCompile-RC5pTN'
Building C object CMakeFiles/cmTC_4f470.dir/CheckFunctionExists.c.o
/usr/bin/cc   -DCHECK_FUNCTION_EXISTS=pthread_create -o CMakeFiles/cmTC_4f470.dir/CheckFunctionExists.c.o -c /home/user/m024000/cntlm-gss/build/CMakeFiles/CMakeScratch/TryCompile-RC5pTN/CheckFunctionExists.c
Linking C executable cmTC_4f470
/home/group/public/894cf/cellar/cmake/3.25.0-rc3/bin/cmake -E cmake_link_script CMakeFiles/cmTC_4f470.dir/link.txt --verbose=1
/usr/bin/cc  -DCHECK_FUNCTION_EXISTS=pthread_create CMakeFiles/cmTC_4f470.dir/CheckFunctionExists.c.o -o cmTC_4f470  -lpthreads 
/usr/bin/ld: cannot find -lpthreads
collect2: error: ld returned 1 exit status
gmake[1]: *** [cmTC_4f470] Error 1
gmake[1]: Leaving directory `/home/user/m024000/cntlm-gss/build/CMakeFiles/CMakeScratch/TryCompile-RC5pTN'
gmake: *** [cmTC_4f470/fast] Error 2



